{"name": "Verify OrangeHRM Login Page URL", "status": "broken", "statusDetails": {"message": "selenium.common.exceptions.TimeoutException: Message: \nStacktrace:\nSymbols not available. Dumping unresolved backtrace:\n\t0x7ff7acd688e5\n\t0x7ff7acd68940\n\t0x7ff7acb4165d\n\t0x7ff7acb99a33\n\t0x7ff7acb99d3c\n\t0x7ff7acbedf67\n\t0x7ff7acbeac97\n\t0x7ff7acb8ac29\n\t0x7ff7acb8ba93\n\t0x7ff7ad080640\n\t0x7ff7ad07af80\n\t0x7ff7ad0996e6\n\t0x7ff7acd85de4\n\t0x7ff7acd8ed8c\n\t0x7ff7acd72004\n\t0x7ff7acd721b5\n\t0x7ff7acd57ee2\n\t0x7ffcf0b07374\n\t0x7ffcf113cc91", "trace": "self = <testCases.test_OrangeHRM_Login_001.Test_OrangeHRM_Login_001 object at 0x000001F7DD926210>\n\n    @allure.title(\"Verify OrangeHRM Login Page URL\")\n    @allure.description(\"This test verifies the URL of the OrangeHRM login page\")\n    @allure.severity(allure.severity_level.CRITICAL)\n    @allure.link(\"https://opensource-demo.orangehrmlive.com/web/index.php/auth/login\", name=\"OrangeHRM Login Page\")\n    @allure.issue(\"https://github.com/allure-framework/allure-python/issues/123\", name=\"Issue 123\")\n    @allure.testcase(\"https://github.com/allure-framework/allure-python/issues/123\", name=\"Test Case 123\")\n    @allure.feature(\"OrangeHRM Login\")\n    @allure.story(\"Verify Login Page URL\")\n    @pytest.mark.smoke\n    @pytest.mark.regression\n    @pytest.mark.flaky(reruns=1, reruns_delay=1)\n    def test_OrangeHRM_Login_002(self):\n    \n        self.driver.get(\"https://opensource-demo.orangehrmlive.com/web/index.php/auth/login\")\n    \n        lp = Login_Page_Class(self.driver)\n    \n        # âœ… Now this will work\n>       lp.Enter_username(self.username)\n\ntestCases\\test_OrangeHRM_Login_001.py:66: \n_ _ _ _ _ _ _ _ _ _ _ _ _ _ _ _ _ _ _ _ _ _ _ _ _ _ _ _ _ _ _ _ _ _ _ _ _ _ _ _\npageObjects\\Login_Page.py:19: in Enter_username\n    self.wait.until(expected_conditions.visibility_of_element_located((By.XPATH, self.text_username_xpath)))\n_ _ _ _ _ _ _ _ _ _ _ _ _ _ _ _ _ _ _ _ _ _ _ _ _ _ _ _ _ _ _ _ _ _ _ _ _ _ _ _\n\nself = <selenium.webdriver.support.wait.WebDriverWait (session=\"1106858ec62cf834da968fde40e836b6\")>\nmethod = <function visibility_of_element_located.<locals>._predicate at 0x000001F7DDA859B0>\nmessage = ''\n\n    def until(self, method: Callable[[D], Literal[False] | T], message: str = \"\") -> T:\n        \"\"\"Wait until the method returns a value that is not False.\n    \n        Calls the method provided with the driver as an argument until the\n        return value does not evaluate to ``False``.\n    \n        Args:\n            method: A callable object that takes a WebDriver instance as an\n                argument.\n            message: Optional message for TimeoutException.\n    \n        Returns:\n            The result of the last call to `method`.\n    \n        Raises:\n            TimeoutException: If 'method' does not return a truthy value within\n                the WebDriverWait object's timeout.\n    \n        Example:\n            >>> from selenium.webdriver.common.by import By\n            >>> from selenium.webdriver.support.ui import WebDriverWait\n            >>> from selenium.webdriver.support import expected_conditions as EC\n            >>>\n            >>> # Wait until an element is visible on the page\n            >>> wait = WebDriverWait(driver, 10)\n            >>> element = wait.until(EC.visibility_of_element_located((By.ID, \"exampleId\")))\n            >>> print(element.text)\n        \"\"\"\n        screen = None\n        stacktrace = None\n    \n        end_time = time.monotonic() + self._timeout\n        while True:\n            try:\n                value = method(self._driver)\n                if value:\n                    return value\n            except self._ignored_exceptions as exc:\n                screen = getattr(exc, \"screen\", None)\n                stacktrace = getattr(exc, \"stacktrace\", None)\n            if time.monotonic() > end_time:\n                break\n            time.sleep(self._poll)\n>       raise TimeoutException(message, screen, stacktrace)\nE       selenium.common.exceptions.TimeoutException: Message: \nE       Stacktrace:\nE       Symbols not available. Dumping unresolved backtrace:\nE       \t0x7ff7acd688e5\nE       \t0x7ff7acd68940\nE       \t0x7ff7acb4165d\nE       \t0x7ff7acb99a33\nE       \t0x7ff7acb99d3c\nE       \t0x7ff7acbedf67\nE       \t0x7ff7acbeac97\nE       \t0x7ff7acb8ac29\nE       \t0x7ff7acb8ba93\nE       \t0x7ff7ad080640\nE       \t0x7ff7ad07af80\nE       \t0x7ff7ad0996e6\nE       \t0x7ff7acd85de4\nE       \t0x7ff7acd8ed8c\nE       \t0x7ff7acd72004\nE       \t0x7ff7acd721b5\nE       \t0x7ff7acd57ee2\nE       \t0x7ffcf0b07374\nE       \t0x7ffcf113cc91\n\nC:\\Users\\Gaurav Sakharkar\\AppData\\Local\\Programs\\Python\\Python314\\Lib\\site-packages\\selenium\\webdriver\\support\\wait.py:122: TimeoutException"}, "description": "This test verifies the URL of the OrangeHRM login page", "attachments": [{"name": "log", "source": "181d8940-2ae3-4a8d-93a2-0fab2d74d474-attachment.txt", "type": "text/plain"}, {"name": "stdout", "source": "054835fb-2f25-4a58-b9f4-d07743aee94b-attachment.txt", "type": "text/plain"}], "start": 1771144782098, "stop": 1771144798932, "uuid": "61050179-7671-4d8c-a10c-21b30b6e6ca9", "historyId": "cd02a2846b524d69bb7e767a9ffcac31", "testCaseId": "cd02a2846b524d69bb7e767a9ffcac31", "fullName": "testCases.test_OrangeHRM_Login_001.Test_OrangeHRM_Login_001#test_OrangeHRM_Login_002", "labels": [{"name": "feature", "value": "OrangeHRM Login"}, {"name": "story", "value": "Verify Login Page URL"}, {"name": "severity", "value": "critical"}, {"name": "tag", "value": "regression"}, {"name": "tag", "value": "smoke"}, {"name": "parentSuite", "value": "testCases"}, {"name": "suite", "value": "test_OrangeHRM_Login_001"}, {"name": "subSuite", "value": "Test_OrangeHRM_Login_001"}, {"name": "host", "value": "LAPTOP-B092156B"}, {"name": "thread", "value": "12660-MainThread"}, {"name": "framework", "value": "pytest"}, {"name": "language", "value": "cpython3"}, {"name": "package", "value": "testCases.test_OrangeHRM_Login_001"}], "links": [{"type": "tms", "url": "https://github.com/allure-framework/allure-python/issues/123", "name": "Test Case 123"}, {"type": "issue", "url": "https://github.com/allure-framework/allure-python/issues/123", "name": "Issue 123"}, {"type": "link", "url": "https://opensource-demo.orangehrmlive.com/web/index.php/auth/login", "name": "OrangeHRM Login Page"}], "titlePath": ["testCases", "test_OrangeHRM_Login_001.py", "Test_OrangeHRM_Login_001"]}