{"name": "test_OrangeHRM_Login_002", "status": "broken", "statusDetails": {"message": "selenium.common.exceptions.NoSuchElementException: Message: no such element: Unable to locate element: {\"method\":\"xpath\",\"selector\":\"//input[@placeholder='Username']\"}\n  (Session info: chrome=144.0.7559.134); For documentation on this error, please visit: https://www.selenium.dev/documentation/webdriver/troubleshooting/errors#nosuchelementexception\nStacktrace:\nSymbols not available. Dumping unresolved backtrace:\n\t0x7ff7acd688e5\n\t0x7ff7acd68940\n\t0x7ff7acb4165d\n\t0x7ff7acb99a33\n\t0x7ff7acb99d3c\n\t0x7ff7acbedf67\n\t0x7ff7acbeac97\n\t0x7ff7acb8ac29\n\t0x7ff7acb8ba93\n\t0x7ff7ad080640\n\t0x7ff7ad07af80\n\t0x7ff7ad0996e6\n\t0x7ff7acd85de4\n\t0x7ff7acd8ed8c\n\t0x7ff7acd72004\n\t0x7ff7acd721b5\n\t0x7ff7acd57ee2\n\t0x7ffcf0b07374\n\t0x7ffcf113cc91", "trace": "self = <testCases.test_OrangeHRM_Login_001.Test_OrangeHRM_Login_001 object at 0x0000024D6DECDD10>\n\n    def test_OrangeHRM_Login_002(self):\n    \n        self.driver.get(\"https://opensource-demo.orangehrmlive.com/web/index.php/auth/login\")\n    \n        lp = Login_Page_Class(self.driver)\n    \n        # âœ… Now this will work\n>       lp.Enter_username(self.username)\n\ntestCases\\test_OrangeHRM_Login_001.py:52: \n_ _ _ _ _ _ _ _ _ _ _ _ _ _ _ _ _ _ _ _ _ _ _ _ _ _ _ _ _ _ _ _ _ _ _ _ _ _ _ _\npageObjects\\Login_Page.py:19: in Enter_username\n    self.driver.find_element(By.XPATH,self.text_username_xpath).send_keys(username)\n    ^^^^^^^^^^^^^^^^^^^^^^^^^^^^^^^^^^^^^^^^^^^^^^^^^^^^^^^^^^^\nC:\\Users\\Gaurav Sakharkar\\AppData\\Local\\Programs\\Python\\Python314\\Lib\\site-packages\\selenium\\webdriver\\remote\\webdriver.py:802: in find_element\n    return self.execute(Command.FIND_ELEMENT, {\"using\": by, \"value\": value})[\"value\"]\n           ^^^^^^^^^^^^^^^^^^^^^^^^^^^^^^^^^^^^^^^^^^^^^^^^^^^^^^^^^^^^^^^^^\nC:\\Users\\Gaurav Sakharkar\\AppData\\Local\\Programs\\Python\\Python314\\Lib\\site-packages\\selenium\\webdriver\\remote\\webdriver.py:432: in execute\n    self.error_handler.check_response(response)\n_ _ _ _ _ _ _ _ _ _ _ _ _ _ _ _ _ _ _ _ _ _ _ _ _ _ _ _ _ _ _ _ _ _ _ _ _ _ _ _\n\nself = <selenium.webdriver.remote.errorhandler.ErrorHandler object at 0x0000024D6DF857F0>\nresponse = {'status': 404, 'value': '{\"value\":{\"error\":\"no such element\",\"message\":\"no such element: Unable to locate element: {\\...ff7acd8ed8c\\\\n\\\\t0x7ff7acd72004\\\\n\\\\t0x7ff7acd721b5\\\\n\\\\t0x7ff7acd57ee2\\\\n\\\\t0x7ffcf0b07374\\\\n\\\\t0x7ffcf113cc91\\\\n\"}}'}\n\n    def check_response(self, response: dict[str, Any]) -> None:\n        \"\"\"Check that a JSON response from the WebDriver does not have an error.\n    \n        Args:\n            response: The JSON response from the WebDriver server as a dictionary\n                object.\n    \n        Raises:\n            WebDriverException: If the response contains an error message.\n        \"\"\"\n        status = response.get(\"status\", None)\n        if not status or status == ErrorCode.SUCCESS:\n            return\n        value = None\n        message = response.get(\"message\", \"\")\n        screen: str = response.get(\"screen\", \"\")\n        stacktrace = None\n        if isinstance(status, int):\n            value_json = response.get(\"value\", None)\n            if value_json and isinstance(value_json, str):\n                try:\n                    value = json.loads(value_json)\n                    if isinstance(value, dict):\n                        if len(value) == 1:\n                            value = value[\"value\"]\n                        status = value.get(\"error\", None)\n                        if not status:\n                            status = value.get(\"status\", ErrorCode.UNKNOWN_ERROR)\n                            message = value.get(\"value\") or value.get(\"message\")\n                            if not isinstance(message, str):\n                                value = message\n                                message = message.get(\"message\") if isinstance(message, dict) else None\n                        else:\n                            message = value.get(\"message\", None)\n                except ValueError:\n                    pass\n    \n        exception_class: type[WebDriverException]\n        e = ErrorCode()\n        error_codes = [item for item in dir(e) if not item.startswith(\"__\")]\n        for error_code in error_codes:\n            error_info = getattr(ErrorCode, error_code)\n            if isinstance(error_info, list) and status in error_info:\n                exception_class = getattr(ExceptionMapping, error_code, WebDriverException)\n                break\n        else:\n            exception_class = WebDriverException\n    \n        if not value:\n            value = response[\"value\"]\n        if isinstance(value, str):\n            raise exception_class(value)\n        if message == \"\" and \"message\" in value:\n            message = value[\"message\"]\n    \n        screen = None  # type: ignore[assignment]\n        if \"screen\" in value:\n            screen = value[\"screen\"]\n    \n        stacktrace = None\n        st_value = value.get(\"stackTrace\") or value.get(\"stacktrace\")\n        if st_value:\n            if isinstance(st_value, str):\n                stacktrace = st_value.split(\"\\n\")\n            else:\n                stacktrace = []\n                try:\n                    for frame in st_value:\n                        line = frame.get(\"lineNumber\", \"\")\n                        file = frame.get(\"fileName\", \"<anonymous>\")\n                        if line:\n                            file = f\"{file}:{line}\"\n                        meth = frame.get(\"methodName\", \"<anonymous>\")\n                        if \"className\" in frame:\n                            meth = f\"{frame['className']}.{meth}\"\n                        msg = \"    at %s (%s)\"\n                        msg = msg % (meth, file)\n                        stacktrace.append(msg)\n                except TypeError:\n                    pass\n        if exception_class == UnexpectedAlertPresentException:\n            alert_text = None\n            if \"data\" in value:\n                alert_text = value[\"data\"].get(\"text\")\n            elif \"alert\" in value:\n                alert_text = value[\"alert\"].get(\"text\")\n            raise exception_class(message, screen, stacktrace, alert_text)  # type: ignore[call-arg]  # mypy is not smart enough here\n>       raise exception_class(message, screen, stacktrace)\nE       selenium.common.exceptions.NoSuchElementException: Message: no such element: Unable to locate element: {\"method\":\"xpath\",\"selector\":\"//input[@placeholder='Username']\"}\nE         (Session info: chrome=144.0.7559.134); For documentation on this error, please visit: https://www.selenium.dev/documentation/webdriver/troubleshooting/errors#nosuchelementexception\nE       Stacktrace:\nE       Symbols not available. Dumping unresolved backtrace:\nE       \t0x7ff7acd688e5\nE       \t0x7ff7acd68940\nE       \t0x7ff7acb4165d\nE       \t0x7ff7acb99a33\nE       \t0x7ff7acb99d3c\nE       \t0x7ff7acbedf67\nE       \t0x7ff7acbeac97\nE       \t0x7ff7acb8ac29\nE       \t0x7ff7acb8ba93\nE       \t0x7ff7ad080640\nE       \t0x7ff7ad07af80\nE       \t0x7ff7ad0996e6\nE       \t0x7ff7acd85de4\nE       \t0x7ff7acd8ed8c\nE       \t0x7ff7acd72004\nE       \t0x7ff7acd721b5\nE       \t0x7ff7acd57ee2\nE       \t0x7ffcf0b07374\nE       \t0x7ffcf113cc91\n\nC:\\Users\\Gaurav Sakharkar\\AppData\\Local\\Programs\\Python\\Python314\\Lib\\site-packages\\selenium\\webdriver\\remote\\errorhandler.py:232: NoSuchElementException"}, "attachments": [{"name": "log", "source": "417996a0-ad94-40d2-b7ab-af4af345374b-attachment.txt", "type": "text/plain"}, {"name": "stdout", "source": "adcede97-5bec-4f37-b586-04bc1aa0812b-attachment.txt", "type": "text/plain"}], "start": 1771142778622, "stop": 1771142794543, "uuid": "e7378177-8b45-40a8-9b70-676eb1278f62", "historyId": "cd02a2846b524d69bb7e767a9ffcac31", "testCaseId": "cd02a2846b524d69bb7e767a9ffcac31", "fullName": "testCases.test_OrangeHRM_Login_001.Test_OrangeHRM_Login_001#test_OrangeHRM_Login_002", "labels": [{"name": "parentSuite", "value": "testCases"}, {"name": "suite", "value": "test_OrangeHRM_Login_001"}, {"name": "subSuite", "value": "Test_OrangeHRM_Login_001"}, {"name": "host", "value": "LAPTOP-B092156B"}, {"name": "thread", "value": "12224-MainThread"}, {"name": "framework", "value": "pytest"}, {"name": "language", "value": "cpython3"}, {"name": "package", "value": "testCases.test_OrangeHRM_Login_001"}], "titlePath": ["testCases", "test_OrangeHRM_Login_001.py", "Test_OrangeHRM_Login_001"]}